<?xml version="1.0" encoding="UTF-8"?>
<!-- Generated by org.testng.reporters.JUnitXMLReporter -->
<testsuite hostname="MININT-QQK768U" name="FuncTest" tests="3" failures="0" timestamp="14 Jul 2016 01:52:41 GMT" time="33.607" errors="0">
  <testcase name="testCountsocialIcons" time="3.303" classname="com.test.HomePageTest"/>
  <testcase name="testLoginClick" time="3.732" classname="com.test.HomePageTest"/>
  <testcase name="testInvalidLogin" time="11.966" classname="com.test.LoginPageTest"/>
</testsuite> <!-- FuncTest -->
